  MyVayne.cpp
c:\users\ates\desktop\myvayne\myvayne\Geometry.h(64): warning C4244: 'argument': conversion from 'double' to 'const float', possible loss of data
c:\users\ates\desktop\myvayne\myvayne\Extention.h(363): warning C4244: 'argument': conversion from 'int' to 'float', possible loss of data
MyVayne.cpp(135): warning C4244: 'initializing': conversion from 'float' to 'int', possible loss of data
MyVayne.cpp(138): warning C4244: 'argument': conversion from 'int' to 'const float', possible loss of data
MyVayne.cpp(154): warning C4244: 'initializing': conversion from 'float' to 'int', possible loss of data
MyVayne.cpp(157): warning C4244: 'argument': conversion from 'int' to 'const float', possible loss of data
MyVayne.cpp(346): warning C4244: 'initializing': conversion from 'float' to 'int', possible loss of data
MyVayne.cpp(349): warning C4244: 'argument': conversion from 'int' to 'const float', possible loss of data
MyVayne.cpp(365): warning C4244: 'initializing': conversion from 'float' to 'int', possible loss of data
MyVayne.cpp(368): warning C4244: 'argument': conversion from 'int' to 'const float', possible loss of data
MyVayne.cpp(405): warning C4244: 'initializing': conversion from 'float' to 'int', possible loss of data
MyVayne.cpp(408): warning C4244: 'argument': conversion from 'int' to 'const float', possible loss of data
MyVayne.cpp(424): warning C4244: 'initializing': conversion from 'float' to 'int', possible loss of data
MyVayne.cpp(427): warning C4244: 'argument': conversion from 'int' to 'const float', possible loss of data
MyVayne.cpp(547): warning C4244: '=': conversion from 'double' to 'float', possible loss of data
MyVayne.cpp(552): warning C4244: '=': conversion from 'double' to 'float', possible loss of data
MyVayne.cpp(557): warning C4244: '=': conversion from 'double' to 'float', possible loss of data
MyVayne.cpp(611): warning C4018: '<': signed/unsigned mismatch
MyVayne.cpp(628): warning C4244: 'argument': conversion from 'int' to 'float', possible loss of data
MyVayne.cpp(646): warning C4244: 'argument': conversion from 'int' to 'float', possible loss of data
MyVayne.cpp(654): warning C4018: '<': signed/unsigned mismatch
MyVayne.cpp(702): warning C4018: '<': signed/unsigned mismatch
MyVayne.cpp(719): warning C4244: 'argument': conversion from 'int' to 'float', possible loss of data
MyVayne.cpp(737): warning C4244: 'argument': conversion from 'int' to 'float', possible loss of data
MyVayne.cpp(745): warning C4018: '<': signed/unsigned mismatch
MyVayne.cpp(779): warning C4244: 'argument': conversion from 'int' to 'float', possible loss of data
     Creating library C:\Users\Ates\Desktop\MyVayne\Release\MyVayne.lib and object C:\Users\Ates\Desktop\MyVayne\Release\MyVayne.exp
  Generating code
c:\users\ates\desktop\myvayne\myvayne\myvayne.cpp(796): warning C4715: 'SmartQLogic': not all control paths return a value
  6 of 387 functions ( 1.6%) were compiled, the rest were copied from previous compilation.
    0 functions were new in current compilation
    4 functions had inline decision re-evaluated but remain unchanged
  Finished generating code
  MyVayne.vcxproj -> C:\Users\Ates\Desktop\MyVayne\Release\MyVayne.dll
  MyVayne.vcxproj -> C:\Users\Ates\Desktop\MyVayne\Release\MyVayne.pdb (Full PDB)
